<?xml version="1.0" encoding="UTF-8"?>
<!-- Generated by org.testng.reporters.JUnitReportReporter -->
<testsuite hostname="Rajeev" failures="0" tests="1" name="Academy.End2EndProject.Validatedisplay" time="0.315" errors="0" timestamp="2020-12-11T10:21:19 GMT" skipped="0">
  <testcase classname="Academy.End2EndProject.Validatedisplay" name="display" time="0.315"/>
  <system-out/>
</testsuite> <!-- Academy.End2EndProject.Validatedisplay -->
